app/build/outputs/mapping/release/seeds.txt
com.shu.messystem.LoginActivity
com.shu.messystem.LoginActivity: LoginActivity()
com.shu.messystem.LoginActivity: void onClick(android.view.View)
com.shu.messystem.MainActivity
com.shu.messystem.MainActivity: MainActivity()
com.shu.messystem.R$anim: int abc_fade_in
com.shu.messystem.R$anim: int abc_fade_out
com.shu.messystem.R$anim: int abc_grow_fade_in_from_bottom
com.shu.messystem.R$anim: int abc_popup_enter
com.shu.messystem.R$anim: int abc_popup_exit
com.shu.messystem.R$anim: int abc_shrink_fade_out_from_bottom
com.shu.messystem.R$anim: int abc_slide_in_bottom
com.shu.messystem.R$anim: int abc_slide_in_top
com.shu.messystem.R$anim: int abc_slide_out_bottom
com.shu.messystem.R$anim: int abc_slide_out_top
com.shu.messystem.R$anim: int dd_mask_in
com.shu.messystem.R$anim: int dd_mask_out
com.shu.messystem.R$anim: int dd_menu_in
com.shu.messystem.R$anim: int dd_menu_out
com.shu.messystem.R$anim: int edittext_error_cycle_anim
com.shu.messystem.R$anim: int edittext_error_shake_anim
com.shu.messystem.R$anim: int fragment_left_in_anim
com.shu.messystem.R$anim: int fragment_left_out_anim
com.shu.messystem.R$anim: int fragment_right_in_anim
com.shu.messystem.R$anim: int fragment_right_out_anim
com.shu.messystem.R$anim: int menu_bottombar_in
com.shu.messystem.R$anim: int menu_bottombar_out
com.shu.messystem.R$anim: int pop_in_anim
com.shu.messystem.R$anim: int pop_out_anim
com.shu.messystem.R$anim: int slide_in_bottom
com.shu.messystem.R$anim: int slide_out_bottom
com.shu.messystem.R$anim: int tooltip_enter
com.shu.messystem.R$anim: int tooltip_exit
com.shu.messystem.R$array: int country_codes
com.shu.messystem.R$array: int preferences_front_light_options
com.shu.messystem.R$array: int preferences_front_light_values
com.shu.messystem.R$attr: int BarBackgroundColor
com.shu.messystem.R$attr: int BarDividerColor
com.shu.messystem.R$attr: int LeftImageClickFinish
com.shu.messystem.R$attr: int LeftImageResource
com.shu.messystem.R$attr: int RightTextColor
com.shu.messystem.R$attr: int TitleColor
com.shu.messystem.R$attr: int TitleNameCenter
com.shu.messystem.R$attr: int actionBarDivider
com.shu.messystem.R$attr: int actionBarItemBackground
com.shu.messystem.R$attr: int actionBarPopupTheme
com.shu.messystem.R$attr: int actionBarSize
com.shu.messystem.R$attr: int actionBarSplitStyle
com.shu.messystem.R$attr: int actionBarStyle
com.shu.messystem.R$attr: int actionBarTabBarStyle
com.shu.messystem.R$attr: int actionBarTabStyle
com.shu.messystem.R$attr: int actionBarTabTextStyle
com.shu.messystem.R$attr: int actionBarTheme
com.shu.messystem.R$attr: int actionBarWidgetTheme
com.shu.messystem.R$attr: int actionButtonStyle
com.shu.messystem.R$attr: int actionDropDownStyle
com.shu.messystem.R$attr: int actionLayout
com.shu.messystem.R$attr: int actionMenuTextAppearance
com.shu.messystem.R$attr: int actionMenuTextColor
com.shu.messystem.R$attr: int actionModeBackground
com.shu.messystem.R$attr: int actionModeCloseButtonStyle
com.shu.messystem.R$attr: int actionModeCloseDrawable
com.shu.messystem.R$attr: int actionModeCopyDrawable
com.shu.messystem.R$attr: int actionModeCutDrawable
com.shu.messystem.R$attr: int actionModeFindDrawable
com.shu.messystem.R$attr: int actionModePasteDrawable
com.shu.messystem.R$bool: int abc_action_bar_embed_tabs
com.shu.messystem.R$bool: int abc_allow_stacked_button_bar
com.shu.messystem.R$bool: int abc_config_actionMenuItemAllCaps
com.shu.messystem.R$bool: int abc_config_closeDialogWhenTouchOutside
com.shu.messystem.R$bool: int abc_config_showMenuShortcutsWhenKeyboardPresent
com.shu.messystem.R$bool: int pickerview_customTextSize
...
android.support.graphics.drawable.R$attr: int font
android.support.graphics.drawable.R$attr: int fontProviderAuthority
android.support.graphics.drawable.R$attr: int fontProviderCerts
android.support.graphics.drawable.R$attr: int fontProviderFetchStrategy
android.support.graphics.drawable.R$attr: int fontProviderFetchTimeout
android.support.graphics.drawable.R$attr: int fontProviderPackage
android.support.graphics.drawable.R$attr: int fontProviderQuery
android.support.graphics.drawable.R$attr: int fontStyle
android.support.graphics.drawable.R$attr: int fontWeight
android.support.graphics.drawable.R$bool: int abc_action_bar_embed_tabs
android.support.graphics.drawable.R$color: int notification_action_color_filter
android.support.graphics.drawable.R$color: int notification_icon_bg_color
android.support.graphics.drawable.R$color: int ripple_material_light
android.support.graphics.drawable.R$color: int secondary_text_default_material_light
android.support.graphics.drawable.R$dimen: int compat_button_inset_horizontal_material
android.support.graphics.drawable.R$dimen: int compat_button_inset_vertical_material
android.support.graphics.drawable.R$dimen: int compat_button_padding_horizontal_material
android.support.graphics.drawable.R$dimen: int compat_button_padding_vertical_material
android.support.graphics.drawable.R$dimen: int compat_control_corner_material
android.support.graphics.drawable.R$dimen: int notification_action_icon_size
android.support.graphics.drawable.R$dimen: int notification_action_text_size
android.support.graphics.drawable.R$dimen: int notification_big_circle_margin
android.support.graphics.drawable.R$dimen: int notification_content_margin_start
android.support.graphics.drawable.R$dimen: int notification_large_icon_height
android.support.graphics.drawable.R$dimen: int notification_large_icon_width
android.support.graphics.drawable.R$dimen: int notification_main_column_padding_top
android.support.graphics.drawable.R$dimen: int notification_media_narrow_margin
android.support.graphics.drawable.R$dimen: int notification_right_icon_size
android.support.graphics.drawable.R$dimen: int notification_right_side_padding_top
android.support.graphics.drawable.R$dimen: int notification_small_icon_background_padding
android.support.graphics.drawable.R$dimen: int notification_small_icon_size_as_large
android.support.graphics.drawable.R$dimen: int notification_subtext_size
android.support.graphics.drawable.R$drawable: int notification_action_background
android.support.graphics.drawable.R$drawable: int notification_bg
android.support.graphics.drawable.R$drawable: int notification_bg_low
android.support.graphics.drawable.R$drawable: int notification_bg_low_normal
android.support.graphics.drawable.R$drawable: int notification_bg_low_pressed
android.support.graphics.drawable.R$drawable: int notification_bg_normal
android.support.graphics.drawable.R$drawable: int notification_bg_normal_pressed
android.support.graphics.drawable.R$drawable: int notification_icon_background
android.support.graphics.drawable.R$drawable: int notification_template_icon_bg
android.support.graphics.drawable.R$drawable: int notification_template_icon_low_bg
android.support.graphics.drawable.R$drawable: int notification_tile_bg
android.support.graphics.drawable.R$drawable: int notify_panel_notification_icon_bg