app/build/outputs/mapping/release/mapping.txt
com.shu.messystem.ConnectServer -> com.shu.messystem.O000000o:
    java.sql.Connection connectServer(android.app.Activity) -> O000000o
com.shu.messystem.LoginActivity -> com.shu.messystem.LoginActivity:
    android.os.Handler handler -> O000000o
    android.content.SharedPreferences sharedLogin -> O00000Oo
    android.widget.Button loginBt -> O00000o0
    com.shu.messystem.component.ClearEditText userEditText -> O00000o
    com.shu.messystem.component.ClearEditText pwdEditText -> O00000oO
    android.app.ProgressDialog loginingDialog -> O00000oo
    java.lang.Thread loginThread -> O0000O0o
    com.shu.messystem.update_component.UpdateVersion updateVersion -> O0000OOo
    void <init>() -> <init>
    void onCreate(android.os.Bundle) -> onCreate
    void backgroundFullScreen() -> O000000o
    void initLoginInfo() -> O00000Oo
    void requestPower() -> O00000o0
    void initLoginingDialog() -> O00000o
    boolean onCreateOptionsMenu(android.view.Menu) -> onCreateOptionsMenu
    boolean onOptionsItemSelected(android.view.MenuItem) -> onOptionsItemSelected
    void onCreateContextMenu(android.view.ContextMenu,android.view.View,android.view.ContextMenu$ContextMenuInfo) -> onCreateContextMenu
    boolean onTouch(android.view.View,android.view.MotionEvent) -> onTouch
    void loginPost() -> O00000oO
    void saveLoginInfo(java.lang.String,java.lang.String,java.lang.String) -> O000000o
    void logined(java.lang.String,java.lang.String) -> O000000o
    void errorProcess() -> O00000oo
    void popupTipInfo(java.lang.String) -> O00000Oo
    void run() -> run
    void onClick(android.view.View) -> onClick
com.shu.messystem.LoginActivity$$Lambda$0 -> com.shu.messystem.O00000Oo:
    com.shu.messystem.LoginActivity arg$1 -> O000000o
    java.lang.String arg$2 -> O00000Oo
    void <init>(com.shu.messystem.LoginActivity,java.lang.String) -> <init>
    void run() -> run
com.shu.messystem.LoginActivity$1 -> com.shu.messystem.LoginActivity$1:
    com.shu.messystem.LoginActivity this$0 -> O000000o
    void <init>(com.shu.messystem.LoginActivity) -> <init>
    void handleMessage(android.os.Message) -> handleMessage
com.shu.messystem.LoginActivity$2 -> com.shu.messystem.LoginActivity$2:
    java.lang.String val$username -> O000000o
    com.shu.messystem.LoginActivity this$0 -> O00000Oo
    void <init>(com.shu.messystem.LoginActivity,java.lang.String) -> <init>
    void onResponse(retrofit2.Call,retrofit2.Response) -> O000000o
    void onFailure(retrofit2.Call,java.lang.Throwable) -> O000000o
com.shu.messystem.LoginActivity$3 -> com.shu.messystem.LoginActivity$3:
    com.shu.messystem.LoginActivity this$0 -> O000000o
    void <init>(com.shu.messystem.LoginActivity) -> <init>
    void run() -> run
...
com.google.zxing.pdf417.decoder.PDF417ScanningDecoder -> com.google.zxing.O00000oo.O000000o.O000OO0o:
    com.google.zxing.pdf417.decoder.ec.ErrorCorrection errorCorrection -> O000000o
    com.google.zxing.common.DecoderResult decode(com.google.zxing.common.BitMatrix,com.google.zxing.ResultPoint,com.google.zxing.ResultPoint,com.google.zxing.ResultPoint,com.google.zxing.ResultPoint,int,int) -> O000000o
    com.google.zxing.pdf417.decoder.DetectionResult merge(com.google.zxing.pdf417.decoder.DetectionResultRowIndicatorColumn,com.google.zxing.pdf417.decoder.DetectionResultRowIndicatorColumn) -> O000000o
    com.google.zxing.pdf417.decoder.BoundingBox adjustBoundingBox(com.google.zxing.pdf417.decoder.DetectionResultRowIndicatorColumn) -> O000000o
    int getMax(int[]) -> O000000o
    com.google.zxing.pdf417.decoder.BarcodeMetadata getBarcodeMetadata(com.google.zxing.pdf417.decoder.DetectionResultRowIndicatorColumn,com.google.zxing.pdf417.decoder.DetectionResultRowIndicatorColumn) -> O00000Oo
    com.google.zxing.pdf417.decoder.DetectionResultRowIndicatorColumn getRowIndicatorColumn(com.google.zxing.common.BitMatrix,com.google.zxing.pdf417.decoder.BoundingBox,com.google.zxing.ResultPoint,boolean,int,int) -> O000000o
    void adjustCodewordCount(com.google.zxing.pdf417.decoder.DetectionResult,com.google.zxing.pdf417.decoder.BarcodeValue[][]) -> O000000o
    com.google.zxing.common.DecoderResult createDecoderResult(com.google.zxing.pdf417.decoder.DetectionResult) -> O000000o
com.google.zxing.pdf417.decoder.ec.ErrorCorrection -> com.google.zxing.O00000oo.O000000o.O000000o.O0000O0o:
    com.google.zxing.pdf417.decoder.ec.ModulusGF field -> O000000o
    void <init>() -> <init>
    int decode(int[],int,int[]) -> O000000o
    com.google.zxing.pdf417.decoder.ec.ModulusPoly[] runEuclideanAlgorithm(com.google.zxing.pdf417.decoder.ec.ModulusPoly,com.google.zxing.pdf417.decoder.ec.ModulusPoly,int) -> O000000o
    int[] findErrorLocations(com.google.zxing.pdf417.decoder.ec.ModulusPoly) -> O000000o
    int[] findErrorMagnitudes(com.google.zxing.pdf417.decoder.ec.ModulusPoly,com.google.zxing.pdf417.decoder.ec.ModulusPoly,int[]) -> O000000o
com.google.zxing.pdf417.decoder.ec.ModulusGF -> com.google.zxing.O00000oo.O000000o.O000000o.O0000OOo:
    com.google.zxing.pdf417.decoder.ec.ModulusGF PDF417_GF -> O000000o
    int[] expTable -> O00000Oo
    int[] logTable -> O00000o0
    com.google.zxing.pdf417.decoder.ec.ModulusPoly zero -> O00000o
    com.google.zxing.pdf417.decoder.ec.ModulusPoly one -> O00000oO
    int modulus -> O00000oo
    void <init>(int,int) -> <init>
    com.google.zxing.pdf417.decoder.ec.ModulusPoly getZero() -> O000000o
    com.google.zxing.pdf417.decoder.ec.ModulusPoly getOne() -> O00000Oo
    com.google.zxing.pdf417.decoder.ec.ModulusPoly buildMonomial(int,int) -> O000000o
    int add(int,int) -> O00000Oo
    int subtract(int,int) -> O00000o0
    int exp(int) -> O000000o
    int log(int) -> O00000Oo
    int inverse(int) -> O00000o0
    int multiply(int,int) -> O00000o
    int getSize() -> O00000o0
    void <clinit>() -> <clinit>