app/build/outputs/mapping/release/usage.txt
com.shu.messystem.BuildConfig
com.shu.messystem.ConnectServer:
    12:12:private ConnectServer()
com.shu.messystem.LoginActivity:
    public static final java.lang.String Login_Info_SHARED
    282:282:private void login()
com.shu.messystem.ManageRetrofit:
    private static final long TIMOUT
    private android.content.Context context
    26:26:public ManageRetrofit()
    104:109:public static void saveLoginCookie(android.content.Context)
com.shu.messystem.QRCodeScanFragement
com.shu.messystem.R:
    10:10:public R()
com.shu.messystem.R$anim
com.shu.messystem.R$array
com.shu.messystem.R$attr
com.shu.messystem.R$bool
com.shu.messystem.R$color
com.shu.messystem.R$dimen
com.shu.messystem.R$drawable
com.shu.messystem.R$id
com.shu.messystem.R$integer
com.shu.messystem.R$layout
com.shu.messystem.R$menu
com.shu.messystem.R$mipmap
com.shu.messystem.R$raw
com.shu.messystem.R$string
com.shu.messystem.R$style
com.shu.messystem.R$styleable:
    4132:4132:public R$styleable()
com.shu.messystem.R$xml
com.shu.messystem.component.BuildProperties:
    33:33:public boolean containsValue(java.lang.Object)
    37:37:public java.util.Set entrySet()
    45:45:public java.lang.String getProperty(java.lang.String,java.lang.String)
    49:49:public boolean isEmpty()
    53:53:public java.util.Enumeration keys()
    57:57:public java.util.Set keySet()
    61:61:public int size()
    65:65:public java.util.Collection values()
com.shu.messystem.component.ChangeStatusBgColor:
    16:16:public ChangeStatusBgColor()
com.shu.messystem.component.ChoosePicture:
    private static final int RESULT_CAMERA
    private static final int RESULT_ALBUM
    private static final int CROP_PICTURE
    197:197:public android.net.Uri getImageUri()
com.shu.messystem.component.ClearEditText:
    162:162:private void setPWdVisi()
com.shu.messystem.component.DensityUtils
com.shu.messystem.component.GetGeneralInfomation:
    private static final int equipment
    47:48:private GetGeneralInfomation()
    131:170:private static java.lang.String GetNetIp()
    174:198:public static java.lang.String getCurrDateAndTime()
    43:43:static synthetic java.lang.String access$002(java.lang.String)
    43:43:static synthetic java.lang.String access$000()
com.shu.messystem.component.GetGeneralInfomation$1
com.shu.messystem.component.OSUtils:
    private static final java.lang.String KEY_MIUI_VERSION_CODE
    private static final java.lang.String KEY_MIUI_VERSION_NAME
    private static final java.lang.String KEY_MIUI_INTERNAL_STORAGE
    private static final java.lang.String KEY_EMUI_VERSION_CODE
    private static final java.lang.String KEY_EMUI_API_LEVEL
    private static final java.lang.String KEY_EMUI_CONFIG_HW_SYS_VERSION
    private static final java.lang.String KEY_FLYME_ID_FALG_KEY
    private static final java.lang.String KEY_FLYME_ID_FALG_VALUE_KEYWORD
    private static final java.lang.String KEY_FLYME_ICON_FALG
    private static final java.lang.String KEY_FLYME_SETUP_FALG
    private static final java.lang.String KEY_FLYME_PUBLISH_FALG
    13:13:OSUtils()
com.shu.messystem.component.PagerSlidingTabStrip:
    480:480:public boolean isTextAllCaps()
    511:514:public void setTypeface(android.graphics.Typeface,int)
com.shu.messystem.component.SingleOptionPopup:
    35:35:public SingleOptionPopup()
    53:73:public static void alertTimerPicker(android.content.Context,com.lvfq.pickerview.TimePickerView$Type,java.lang.String,com.shu.messystem.component.SingleOptionPopup$TimerPickerCallBack)
com.shu.messystem.component.SingleOptionPopup$1
com.shu.messystem.component.SingleOptionPopup$TimerPickerCallBack
...
com.scwang.smartrefresh.layout.header.bezierradar.WaveView:
    28:29:public WaveView(android.content.Context,android.util.AttributeSet)
com.scwang.smartrefresh.layout.impl.RefreshContentWrapper:
    protected static final java.lang.String TAG_REFRESH_CONTENT_WRAPPER
com.scwang.smartrefresh.layout.impl.RefreshContentWrapper$1:
    117:119:public void onOffsetChanged(android.support.design.widget.AppBarLayout,int)
com.scwang.smartrefresh.layout.impl.RefreshContentWrapper$RecyclerViewScrollComponent:
    645:645:public void onScrollStateChanged(android.support.v7.widget.RecyclerView,int)
    648:665:public void onScrolled(android.support.v7.widget.RecyclerView,int,int)
com.scwang.smartrefresh.layout.impl.RefreshFooterWrapper:
    private static final java.lang.String TAG_REFRESH_FOOTER_WRAPPER
    110:110:public boolean setLoadmoreFinished(boolean)
com.scwang.smartrefresh.layout.impl.RefreshHeaderWrapper:
    private static final java.lang.String TAG_REFRESH_HEADER_WRAPPER
com.scwang.smartrefresh.layout.internal.ProgressDrawable:
    111:111:public int width()
    115:115:public int height()
com.scwang.smartrefresh.layout.internal.pathview.PathParser:
    private static final java.lang.String LOGTAG
    27:27:PathParser()
    224:231:public static com.scwang.smartrefresh.layout.internal.pathview.PathParser$PathDataNode[] deepCopyNodes(com.scwang.smartrefresh.layout.internal.pathview.PathParser$PathDataNode[])
    240:254:public static boolean canMorph(com.scwang.smartrefresh.layout.internal.pathview.PathParser$PathDataNode[],com.scwang.smartrefresh.layout.internal.pathview.PathParser$PathDataNode[])
    265:271:public static void updateNodes(com.scwang.smartrefresh.layout.internal.pathview.PathParser$PathDataNode[],com.scwang.smartrefresh.layout.internal.pathview.PathParser$PathDataNode[])
com.scwang.smartrefresh.layout.internal.pathview.PathParser$PathDataNode:
    419:422:PathParser$PathDataNode(com.scwang.smartrefresh.layout.internal.pathview.PathParser$PathDataNode)
    450:454:public void interpolatePathDataNode(com.scwang.smartrefresh.layout.internal.pathview.PathParser$PathDataNode,com.scwang.smartrefresh.layout.internal.pathview.PathParser$PathDataNode,float)
com.scwang.smartrefresh.layout.internal.pathview.PathsDrawable:
    155:155:public int width()
    159:159:public int height()
    163:172:public void setGeometricWidth(int)
    175:183:public void setGeometricHeight(int)
    186:186:public android.graphics.Paint getPaint()
com.scwang.smartrefresh.layout.internal.pathview.PathsView
com.scwang.smartrefresh.layout.listener.AnimationEndListener
com.scwang.smartrefresh.layout.listener.SimpleMultiPurposeListener
com.scwang.smartrefresh.layout.util.ColorUtils
com.scwang.smartrefresh.layout.util.DensityUtil:
    38:38:public float px2dip(float)
com.scwang.smartrefresh.layout.util.ScrollBoundaryUtil:
    15:15:public ScrollBoundaryUtil()
com.scwang.smartrefresh.layout.util.ViscousFluidInterpolator:
    private static final float VISCOUS_FLUID_SCALE
com.yyydjk.library.BuildConfig
com.yyydjk.library.DeviceUtils:
    29:29:public DeviceUtils()
com.yyydjk.library.DropDownMenu:
    218:218:public boolean isShowing()
com.yyydjk.library.R:
    9:9:public R()
com.yyydjk.library.R$anim:
    10:10:public R$anim()
com.yyydjk.library.R$attr
com.yyydjk.library.R$bool
com.yyydjk.library.R$color
com.yyydjk.library.R$dimen
com.yyydjk.library.R$drawable
com.yyydjk.library.R$id
com.yyydjk.library.R$integer
com.yyydjk.library.R$layout
com.yyydjk.library.R$string
com.yyydjk.library.R$style
com.yyydjk.library.R$styleable:
    1106:1106:public R$styleable()
net.sourceforge.jtds.jdbc.CharsetInfo:
    private static final java.lang.String CHARSETS_RESOURCE_NAME
net.sourceforge.jtds.jdbc.ClobImpl:
    private static final java.lang.String EMPTY_CLOB